[2018-07-21T21:44:35.354] [ERROR] /routes/express.js - list error ---> { SequelizeConnectionRefusedError: connect ECONNREFUSED 127.0.0.1:3306
    at Utils.Promise.tap.then.catch.err (E:\developer\node_workspace\node_modules\_sequelize@4.38.0@sequelize\lib\dialects\mysql\connection-manager.js:139:19)
    at tryCatcher (E:\developer\node_workspace\node_modules\_bluebird@3.5.1@bluebird\js\release\util.js:16:23)
    at Promise._settlePromiseFromHandler (E:\developer\node_workspace\node_modules\_bluebird@3.5.1@bluebird\js\release\promise.js:512:31)
    at Promise._settlePromise (E:\developer\node_workspace\node_modules\_bluebird@3.5.1@bluebird\js\release\promise.js:569:18)
    at Promise._settlePromise0 (E:\developer\node_workspace\node_modules\_bluebird@3.5.1@bluebird\js\release\promise.js:614:10)
    at Promise._settlePromises (E:\developer\node_workspace\node_modules\_bluebird@3.5.1@bluebird\js\release\promise.js:689:18)
    at Async._drainQueue (E:\developer\node_workspace\node_modules\_bluebird@3.5.1@bluebird\js\release\async.js:133:16)
    at Async._drainQueues (E:\developer\node_workspace\node_modules\_bluebird@3.5.1@bluebird\js\release\async.js:143:10)
    at Immediate.Async.drainQueues (E:\developer\node_workspace\node_modules\_bluebird@3.5.1@bluebird\js\release\async.js:17:14)
    at runCallback (timers.js:810:20)
    at tryOnImmediate (timers.js:768:5)
    at processImmediate [as _immediateCallback] (timers.js:745:5)
  name: 'SequelizeConnectionRefusedError',
  parent: 
   { Error: connect ECONNREFUSED 127.0.0.1:3306
    at Object._errnoException (util.js:992:11)
    at _exceptionWithHostPort (util.js:1014:20)
    at TCPConnectWrap.afterConnect [as oncomplete] (net.js:1186:14)
     code: 'ECONNREFUSED',
     errno: 'ECONNREFUSED',
     syscall: 'connect',
     address: '127.0.0.1',
     port: 3306,
     fatal: true },
  original: 
   { Error: connect ECONNREFUSED 127.0.0.1:3306
    at Object._errnoException (util.js:992:11)
    at _exceptionWithHostPort (util.js:1014:20)
    at TCPConnectWrap.afterConnect [as oncomplete] (net.js:1186:14)
     code: 'ECONNREFUSED',
     errno: 'ECONNREFUSED',
     syscall: 'connect',
     address: '127.0.0.1',
     port: 3306,
     fatal: true } }
[2018-07-21T22:24:44.300] [ERROR] /routes/express.js - list error ---> { SequelizeAccessDeniedError: Access denied for user 'root'@'localhost' (using password: YES)
    at Utils.Promise.tap.then.catch.err (E:\developer\node_workspace\node_modules\_sequelize@4.38.0@sequelize\lib\dialects\mysql\connection-manager.js:141:19)
    at tryCatcher (E:\developer\node_workspace\node_modules\_bluebird@3.5.1@bluebird\js\release\util.js:16:23)
    at Promise._settlePromiseFromHandler (E:\developer\node_workspace\node_modules\_bluebird@3.5.1@bluebird\js\release\promise.js:512:31)
    at Promise._settlePromise (E:\developer\node_workspace\node_modules\_bluebird@3.5.1@bluebird\js\release\promise.js:569:18)
    at Promise._settlePromise0 (E:\developer\node_workspace\node_modules\_bluebird@3.5.1@bluebird\js\release\promise.js:614:10)
    at Promise._settlePromises (E:\developer\node_workspace\node_modules\_bluebird@3.5.1@bluebird\js\release\promise.js:689:18)
    at Async._drainQueue (E:\developer\node_workspace\node_modules\_bluebird@3.5.1@bluebird\js\release\async.js:133:16)
    at Async._drainQueues (E:\developer\node_workspace\node_modules\_bluebird@3.5.1@bluebird\js\release\async.js:143:10)
    at Immediate.Async.drainQueues (E:\developer\node_workspace\node_modules\_bluebird@3.5.1@bluebird\js\release\async.js:17:14)
    at runCallback (timers.js:810:20)
    at tryOnImmediate (timers.js:768:5)
    at processImmediate [as _immediateCallback] (timers.js:745:5)
  name: 'SequelizeAccessDeniedError',
  parent: 
   { Error: Access denied for user 'root'@'localhost' (using password: YES)
    at Packet.asError (E:\developer\node_workspace\node_modules\_mysql2@1.5.3@mysql2\lib\packets\packet.js:716:13)
    at ClientHandshake.Command.execute (E:\developer\node_workspace\node_modules\_mysql2@1.5.3@mysql2\lib\commands\command.js:28:22)
    at Connection.handlePacket (E:\developer\node_workspace\node_modules\_mysql2@1.5.3@mysql2\lib\connection.js:502:28)
    at PacketParser.onPacket (E:\developer\node_workspace\node_modules\_mysql2@1.5.3@mysql2\lib\connection.js:81:16)
    at PacketParser.executeStart (E:\developer\node_workspace\node_modules\_mysql2@1.5.3@mysql2\lib\packet_parser.js:77:14)
    at Socket.<anonymous> (E:\developer\node_workspace\node_modules\_mysql2@1.5.3@mysql2\lib\connection.js:89:29)
    at emitOne (events.js:116:13)
    at Socket.emit (events.js:211:7)
    at addChunk (_stream_readable.js:263:12)
    at readableAddChunk (_stream_readable.js:250:11)
    at Socket.Readable.push (_stream_readable.js:208:10)
    at TCP.onread (net.js:597:20)
     code: 'ER_ACCESS_DENIED_ERROR',
     errno: 1045,
     sqlState: '28000',
     sqlMessage: 'Access denied for user \'root\'@\'localhost\' (using password: YES)' },
  original: 
   { Error: Access denied for user 'root'@'localhost' (using password: YES)
    at Packet.asError (E:\developer\node_workspace\node_modules\_mysql2@1.5.3@mysql2\lib\packets\packet.js:716:13)
    at ClientHandshake.Command.execute (E:\developer\node_workspace\node_modules\_mysql2@1.5.3@mysql2\lib\commands\command.js:28:22)
    at Connection.handlePacket (E:\developer\node_workspace\node_modules\_mysql2@1.5.3@mysql2\lib\connection.js:502:28)
    at PacketParser.onPacket (E:\developer\node_workspace\node_modules\_mysql2@1.5.3@mysql2\lib\connection.js:81:16)
    at PacketParser.executeStart (E:\developer\node_workspace\node_modules\_mysql2@1.5.3@mysql2\lib\packet_parser.js:77:14)
    at Socket.<anonymous> (E:\developer\node_workspace\node_modules\_mysql2@1.5.3@mysql2\lib\connection.js:89:29)
    at emitOne (events.js:116:13)
    at Socket.emit (events.js:211:7)
    at addChunk (_stream_readable.js:263:12)
    at readableAddChunk (_stream_readable.js:250:11)
    at Socket.Readable.push (_stream_readable.js:208:10)
    at TCP.onread (net.js:597:20)
     code: 'ER_ACCESS_DENIED_ERROR',
     errno: 1045,
     sqlState: '28000',
     sqlMessage: 'Access denied for user \'root\'@\'localhost\' (using password: YES)' } }
[2018-07-21T22:26:07.240] [ERROR] /routes/express.js - list error ---> { SequelizeAccessDeniedError: Access denied for user 'root'@'localhost' (using password: YES)
    at Utils.Promise.tap.then.catch.err (E:\developer\node_workspace\node_modules\_sequelize@4.38.0@sequelize\lib\dialects\mysql\connection-manager.js:141:19)
    at tryCatcher (E:\developer\node_workspace\node_modules\_bluebird@3.5.1@bluebird\js\release\util.js:16:23)
    at Promise._settlePromiseFromHandler (E:\developer\node_workspace\node_modules\_bluebird@3.5.1@bluebird\js\release\promise.js:512:31)
    at Promise._settlePromise (E:\developer\node_workspace\node_modules\_bluebird@3.5.1@bluebird\js\release\promise.js:569:18)
    at Promise._settlePromise0 (E:\developer\node_workspace\node_modules\_bluebird@3.5.1@bluebird\js\release\promise.js:614:10)
    at Promise._settlePromises (E:\developer\node_workspace\node_modules\_bluebird@3.5.1@bluebird\js\release\promise.js:689:18)
    at Async._drainQueue (E:\developer\node_workspace\node_modules\_bluebird@3.5.1@bluebird\js\release\async.js:133:16)
    at Async._drainQueues (E:\developer\node_workspace\node_modules\_bluebird@3.5.1@bluebird\js\release\async.js:143:10)
    at Immediate.Async.drainQueues (E:\developer\node_workspace\node_modules\_bluebird@3.5.1@bluebird\js\release\async.js:17:14)
    at runCallback (timers.js:810:20)
    at tryOnImmediate (timers.js:768:5)
    at processImmediate [as _immediateCallback] (timers.js:745:5)
  name: 'SequelizeAccessDeniedError',
  parent: 
   { Error: Access denied for user 'root'@'localhost' (using password: YES)
    at Packet.asError (E:\developer\node_workspace\node_modules\_mysql2@1.5.3@mysql2\lib\packets\packet.js:716:13)
    at ClientHandshake.Command.execute (E:\developer\node_workspace\node_modules\_mysql2@1.5.3@mysql2\lib\commands\command.js:28:22)
    at Connection.handlePacket (E:\developer\node_workspace\node_modules\_mysql2@1.5.3@mysql2\lib\connection.js:502:28)
    at PacketParser.onPacket (E:\developer\node_workspace\node_modules\_mysql2@1.5.3@mysql2\lib\connection.js:81:16)
    at PacketParser.executeStart (E:\developer\node_workspace\node_modules\_mysql2@1.5.3@mysql2\lib\packet_parser.js:77:14)
    at Socket.<anonymous> (E:\developer\node_workspace\node_modules\_mysql2@1.5.3@mysql2\lib\connection.js:89:29)
    at emitOne (events.js:116:13)
    at Socket.emit (events.js:211:7)
    at addChunk (_stream_readable.js:263:12)
    at readableAddChunk (_stream_readable.js:250:11)
    at Socket.Readable.push (_stream_readable.js:208:10)
    at TCP.onread (net.js:597:20)
     code: 'ER_ACCESS_DENIED_ERROR',
     errno: 1045,
     sqlState: '28000',
     sqlMessage: 'Access denied for user \'root\'@\'localhost\' (using password: YES)' },
  original: 
   { Error: Access denied for user 'root'@'localhost' (using password: YES)
    at Packet.asError (E:\developer\node_workspace\node_modules\_mysql2@1.5.3@mysql2\lib\packets\packet.js:716:13)
    at ClientHandshake.Command.execute (E:\developer\node_workspace\node_modules\_mysql2@1.5.3@mysql2\lib\commands\command.js:28:22)
    at Connection.handlePacket (E:\developer\node_workspace\node_modules\_mysql2@1.5.3@mysql2\lib\connection.js:502:28)
    at PacketParser.onPacket (E:\developer\node_workspace\node_modules\_mysql2@1.5.3@mysql2\lib\connection.js:81:16)
    at PacketParser.executeStart (E:\developer\node_workspace\node_modules\_mysql2@1.5.3@mysql2\lib\packet_parser.js:77:14)
    at Socket.<anonymous> (E:\developer\node_workspace\node_modules\_mysql2@1.5.3@mysql2\lib\connection.js:89:29)
    at emitOne (events.js:116:13)
    at Socket.emit (events.js:211:7)
    at addChunk (_stream_readable.js:263:12)
    at readableAddChunk (_stream_readable.js:250:11)
    at Socket.Readable.push (_stream_readable.js:208:10)
    at TCP.onread (net.js:597:20)
     code: 'ER_ACCESS_DENIED_ERROR',
     errno: 1045,
     sqlState: '28000',
     sqlMessage: 'Access denied for user \'root\'@\'localhost\' (using password: YES)' } }
[2018-07-21T22:26:07.949] [ERROR] /routes/express.js - list error ---> { SequelizeAccessDeniedError: Access denied for user 'root'@'localhost' (using password: YES)
    at Utils.Promise.tap.then.catch.err (E:\developer\node_workspace\node_modules\_sequelize@4.38.0@sequelize\lib\dialects\mysql\connection-manager.js:141:19)
    at tryCatcher (E:\developer\node_workspace\node_modules\_bluebird@3.5.1@bluebird\js\release\util.js:16:23)
    at Promise._settlePromiseFromHandler (E:\developer\node_workspace\node_modules\_bluebird@3.5.1@bluebird\js\release\promise.js:512:31)
    at Promise._settlePromise (E:\developer\node_workspace\node_modules\_bluebird@3.5.1@bluebird\js\release\promise.js:569:18)
    at Promise._settlePromise0 (E:\developer\node_workspace\node_modules\_bluebird@3.5.1@bluebird\js\release\promise.js:614:10)
    at Promise._settlePromises (E:\developer\node_workspace\node_modules\_bluebird@3.5.1@bluebird\js\release\promise.js:689:18)
    at Async._drainQueue (E:\developer\node_workspace\node_modules\_bluebird@3.5.1@bluebird\js\release\async.js:133:16)
    at Async._drainQueues (E:\developer\node_workspace\node_modules\_bluebird@3.5.1@bluebird\js\release\async.js:143:10)
    at Immediate.Async.drainQueues (E:\developer\node_workspace\node_modules\_bluebird@3.5.1@bluebird\js\release\async.js:17:14)
    at runCallback (timers.js:810:20)
    at tryOnImmediate (timers.js:768:5)
    at processImmediate [as _immediateCallback] (timers.js:745:5)
  name: 'SequelizeAccessDeniedError',
  parent: 
   { Error: Access denied for user 'root'@'localhost' (using password: YES)
    at Packet.asError (E:\developer\node_workspace\node_modules\_mysql2@1.5.3@mysql2\lib\packets\packet.js:716:13)
    at ClientHandshake.Command.execute (E:\developer\node_workspace\node_modules\_mysql2@1.5.3@mysql2\lib\commands\command.js:28:22)
    at Connection.handlePacket (E:\developer\node_workspace\node_modules\_mysql2@1.5.3@mysql2\lib\connection.js:502:28)
    at PacketParser.onPacket (E:\developer\node_workspace\node_modules\_mysql2@1.5.3@mysql2\lib\connection.js:81:16)
    at PacketParser.executeStart (E:\developer\node_workspace\node_modules\_mysql2@1.5.3@mysql2\lib\packet_parser.js:77:14)
    at Socket.<anonymous> (E:\developer\node_workspace\node_modules\_mysql2@1.5.3@mysql2\lib\connection.js:89:29)
    at emitOne (events.js:116:13)
    at Socket.emit (events.js:211:7)
    at addChunk (_stream_readable.js:263:12)
    at readableAddChunk (_stream_readable.js:250:11)
    at Socket.Readable.push (_stream_readable.js:208:10)
    at TCP.onread (net.js:597:20)
     code: 'ER_ACCESS_DENIED_ERROR',
     errno: 1045,
     sqlState: '28000',
     sqlMessage: 'Access denied for user \'root\'@\'localhost\' (using password: YES)' },
  original: 
   { Error: Access denied for user 'root'@'localhost' (using password: YES)
    at Packet.asError (E:\developer\node_workspace\node_modules\_mysql2@1.5.3@mysql2\lib\packets\packet.js:716:13)
    at ClientHandshake.Command.execute (E:\developer\node_workspace\node_modules\_mysql2@1.5.3@mysql2\lib\commands\command.js:28:22)
    at Connection.handlePacket (E:\developer\node_workspace\node_modules\_mysql2@1.5.3@mysql2\lib\connection.js:502:28)
    at PacketParser.onPacket (E:\developer\node_workspace\node_modules\_mysql2@1.5.3@mysql2\lib\connection.js:81:16)
    at PacketParser.executeStart (E:\developer\node_workspace\node_modules\_mysql2@1.5.3@mysql2\lib\packet_parser.js:77:14)
    at Socket.<anonymous> (E:\developer\node_workspace\node_modules\_mysql2@1.5.3@mysql2\lib\connection.js:89:29)
    at emitOne (events.js:116:13)
    at Socket.emit (events.js:211:7)
    at addChunk (_stream_readable.js:263:12)
    at readableAddChunk (_stream_readable.js:250:11)
    at Socket.Readable.push (_stream_readable.js:208:10)
    at TCP.onread (net.js:597:20)
     code: 'ER_ACCESS_DENIED_ERROR',
     errno: 1045,
     sqlState: '28000',
     sqlMessage: 'Access denied for user \'root\'@\'localhost\' (using password: YES)' } }
[2018-07-21T22:26:08.497] [ERROR] /routes/express.js - list error ---> { SequelizeAccessDeniedError: Access denied for user 'root'@'localhost' (using password: YES)
    at Utils.Promise.tap.then.catch.err (E:\developer\node_workspace\node_modules\_sequelize@4.38.0@sequelize\lib\dialects\mysql\connection-manager.js:141:19)
    at tryCatcher (E:\developer\node_workspace\node_modules\_bluebird@3.5.1@bluebird\js\release\util.js:16:23)
    at Promise._settlePromiseFromHandler (E:\developer\node_workspace\node_modules\_bluebird@3.5.1@bluebird\js\release\promise.js:512:31)
    at Promise._settlePromise (E:\developer\node_workspace\node_modules\_bluebird@3.5.1@bluebird\js\release\promise.js:569:18)
    at Promise._settlePromise0 (E:\developer\node_workspace\node_modules\_bluebird@3.5.1@bluebird\js\release\promise.js:614:10)
    at Promise._settlePromises (E:\developer\node_workspace\node_modules\_bluebird@3.5.1@bluebird\js\release\promise.js:689:18)
    at Async._drainQueue (E:\developer\node_workspace\node_modules\_bluebird@3.5.1@bluebird\js\release\async.js:133:16)
    at Async._drainQueues (E:\developer\node_workspace\node_modules\_bluebird@3.5.1@bluebird\js\release\async.js:143:10)
    at Immediate.Async.drainQueues (E:\developer\node_workspace\node_modules\_bluebird@3.5.1@bluebird\js\release\async.js:17:14)
    at runCallback (timers.js:810:20)
    at tryOnImmediate (timers.js:768:5)
    at processImmediate [as _immediateCallback] (timers.js:745:5)
  name: 'SequelizeAccessDeniedError',
  parent: 
   { Error: Access denied for user 'root'@'localhost' (using password: YES)
    at Packet.asError (E:\developer\node_workspace\node_modules\_mysql2@1.5.3@mysql2\lib\packets\packet.js:716:13)
    at ClientHandshake.Command.execute (E:\developer\node_workspace\node_modules\_mysql2@1.5.3@mysql2\lib\commands\command.js:28:22)
    at Connection.handlePacket (E:\developer\node_workspace\node_modules\_mysql2@1.5.3@mysql2\lib\connection.js:502:28)
    at PacketParser.onPacket (E:\developer\node_workspace\node_modules\_mysql2@1.5.3@mysql2\lib\connection.js:81:16)
    at PacketParser.executeStart (E:\developer\node_workspace\node_modules\_mysql2@1.5.3@mysql2\lib\packet_parser.js:77:14)
    at Socket.<anonymous> (E:\developer\node_workspace\node_modules\_mysql2@1.5.3@mysql2\lib\connection.js:89:29)
    at emitOne (events.js:116:13)
    at Socket.emit (events.js:211:7)
    at addChunk (_stream_readable.js:263:12)
    at readableAddChunk (_stream_readable.js:250:11)
    at Socket.Readable.push (_stream_readable.js:208:10)
    at TCP.onread (net.js:597:20)
     code: 'ER_ACCESS_DENIED_ERROR',
     errno: 1045,
     sqlState: '28000',
     sqlMessage: 'Access denied for user \'root\'@\'localhost\' (using password: YES)' },
  original: 
   { Error: Access denied for user 'root'@'localhost' (using password: YES)
    at Packet.asError (E:\developer\node_workspace\node_modules\_mysql2@1.5.3@mysql2\lib\packets\packet.js:716:13)
    at ClientHandshake.Command.execute (E:\developer\node_workspace\node_modules\_mysql2@1.5.3@mysql2\lib\commands\command.js:28:22)
    at Connection.handlePacket (E:\developer\node_workspace\node_modules\_mysql2@1.5.3@mysql2\lib\connection.js:502:28)
    at PacketParser.onPacket (E:\developer\node_workspace\node_modules\_mysql2@1.5.3@mysql2\lib\connection.js:81:16)
    at PacketParser.executeStart (E:\developer\node_workspace\node_modules\_mysql2@1.5.3@mysql2\lib\packet_parser.js:77:14)
    at Socket.<anonymous> (E:\developer\node_workspace\node_modules\_mysql2@1.5.3@mysql2\lib\connection.js:89:29)
    at emitOne (events.js:116:13)
    at Socket.emit (events.js:211:7)
    at addChunk (_stream_readable.js:263:12)
    at readableAddChunk (_stream_readable.js:250:11)
    at Socket.Readable.push (_stream_readable.js:208:10)
    at TCP.onread (net.js:597:20)
     code: 'ER_ACCESS_DENIED_ERROR',
     errno: 1045,
     sqlState: '28000',
     sqlMessage: 'Access denied for user \'root\'@\'localhost\' (using password: YES)' } }
[2018-07-21T22:26:08.933] [ERROR] /routes/express.js - list error ---> { SequelizeAccessDeniedError: Access denied for user 'root'@'localhost' (using password: YES)
    at Utils.Promise.tap.then.catch.err (E:\developer\node_workspace\node_modules\_sequelize@4.38.0@sequelize\lib\dialects\mysql\connection-manager.js:141:19)
    at tryCatcher (E:\developer\node_workspace\node_modules\_bluebird@3.5.1@bluebird\js\release\util.js:16:23)
    at Promise._settlePromiseFromHandler (E:\developer\node_workspace\node_modules\_bluebird@3.5.1@bluebird\js\release\promise.js:512:31)
    at Promise._settlePromise (E:\developer\node_workspace\node_modules\_bluebird@3.5.1@bluebird\js\release\promise.js:569:18)
    at Promise._settlePromise0 (E:\developer\node_workspace\node_modules\_bluebird@3.5.1@bluebird\js\release\promise.js:614:10)
    at Promise._settlePromises (E:\developer\node_workspace\node_modules\_bluebird@3.5.1@bluebird\js\release\promise.js:689:18)
    at Async._drainQueue (E:\developer\node_workspace\node_modules\_bluebird@3.5.1@bluebird\js\release\async.js:133:16)
    at Async._drainQueues (E:\developer\node_workspace\node_modules\_bluebird@3.5.1@bluebird\js\release\async.js:143:10)
    at Immediate.Async.drainQueues (E:\developer\node_workspace\node_modules\_bluebird@3.5.1@bluebird\js\release\async.js:17:14)
    at runCallback (timers.js:810:20)
    at tryOnImmediate (timers.js:768:5)
    at processImmediate [as _immediateCallback] (timers.js:745:5)
  name: 'SequelizeAccessDeniedError',
  parent: 
   { Error: Access denied for user 'root'@'localhost' (using password: YES)
    at Packet.asError (E:\developer\node_workspace\node_modules\_mysql2@1.5.3@mysql2\lib\packets\packet.js:716:13)
    at ClientHandshake.Command.execute (E:\developer\node_workspace\node_modules\_mysql2@1.5.3@mysql2\lib\commands\command.js:28:22)
    at Connection.handlePacket (E:\developer\node_workspace\node_modules\_mysql2@1.5.3@mysql2\lib\connection.js:502:28)
    at PacketParser.onPacket (E:\developer\node_workspace\node_modules\_mysql2@1.5.3@mysql2\lib\connection.js:81:16)
    at PacketParser.executeStart (E:\developer\node_workspace\node_modules\_mysql2@1.5.3@mysql2\lib\packet_parser.js:77:14)
    at Socket.<anonymous> (E:\developer\node_workspace\node_modules\_mysql2@1.5.3@mysql2\lib\connection.js:89:29)
    at emitOne (events.js:116:13)
    at Socket.emit (events.js:211:7)
    at addChunk (_stream_readable.js:263:12)
    at readableAddChunk (_stream_readable.js:250:11)
    at Socket.Readable.push (_stream_readable.js:208:10)
    at TCP.onread (net.js:597:20)
     code: 'ER_ACCESS_DENIED_ERROR',
     errno: 1045,
     sqlState: '28000',
     sqlMessage: 'Access denied for user \'root\'@\'localhost\' (using password: YES)' },
  original: 
   { Error: Access denied for user 'root'@'localhost' (using password: YES)
    at Packet.asError (E:\developer\node_workspace\node_modules\_mysql2@1.5.3@mysql2\lib\packets\packet.js:716:13)
    at ClientHandshake.Command.execute (E:\developer\node_workspace\node_modules\_mysql2@1.5.3@mysql2\lib\commands\command.js:28:22)
    at Connection.handlePacket (E:\developer\node_workspace\node_modules\_mysql2@1.5.3@mysql2\lib\connection.js:502:28)
    at PacketParser.onPacket (E:\developer\node_workspace\node_modules\_mysql2@1.5.3@mysql2\lib\connection.js:81:16)
    at PacketParser.executeStart (E:\developer\node_workspace\node_modules\_mysql2@1.5.3@mysql2\lib\packet_parser.js:77:14)
    at Socket.<anonymous> (E:\developer\node_workspace\node_modules\_mysql2@1.5.3@mysql2\lib\connection.js:89:29)
    at emitOne (events.js:116:13)
    at Socket.emit (events.js:211:7)
    at addChunk (_stream_readable.js:263:12)
    at readableAddChunk (_stream_readable.js:250:11)
    at Socket.Readable.push (_stream_readable.js:208:10)
    at TCP.onread (net.js:597:20)
     code: 'ER_ACCESS_DENIED_ERROR',
     errno: 1045,
     sqlState: '28000',
     sqlMessage: 'Access denied for user \'root\'@\'localhost\' (using password: YES)' } }
[2018-07-21T22:26:31.525] [ERROR] /routes/express.js - list error ---> { SequelizeAccessDeniedError: Access denied for user 'root'@'localhost' (using password: YES)
    at Utils.Promise.tap.then.catch.err (E:\developer\node_workspace\node_modules\_sequelize@4.38.0@sequelize\lib\dialects\mysql\connection-manager.js:141:19)
    at tryCatcher (E:\developer\node_workspace\node_modules\_bluebird@3.5.1@bluebird\js\release\util.js:16:23)
    at Promise._settlePromiseFromHandler (E:\developer\node_workspace\node_modules\_bluebird@3.5.1@bluebird\js\release\promise.js:512:31)
    at Promise._settlePromise (E:\developer\node_workspace\node_modules\_bluebird@3.5.1@bluebird\js\release\promise.js:569:18)
    at Promise._settlePromise0 (E:\developer\node_workspace\node_modules\_bluebird@3.5.1@bluebird\js\release\promise.js:614:10)
    at Promise._settlePromises (E:\developer\node_workspace\node_modules\_bluebird@3.5.1@bluebird\js\release\promise.js:689:18)
    at Async._drainQueue (E:\developer\node_workspace\node_modules\_bluebird@3.5.1@bluebird\js\release\async.js:133:16)
    at Async._drainQueues (E:\developer\node_workspace\node_modules\_bluebird@3.5.1@bluebird\js\release\async.js:143:10)
    at Immediate.Async.drainQueues (E:\developer\node_workspace\node_modules\_bluebird@3.5.1@bluebird\js\release\async.js:17:14)
    at runCallback (timers.js:810:20)
    at tryOnImmediate (timers.js:768:5)
    at processImmediate [as _immediateCallback] (timers.js:745:5)
  name: 'SequelizeAccessDeniedError',
  parent: 
   { Error: Access denied for user 'root'@'localhost' (using password: YES)
    at Packet.asError (E:\developer\node_workspace\node_modules\_mysql2@1.5.3@mysql2\lib\packets\packet.js:716:13)
    at ClientHandshake.Command.execute (E:\developer\node_workspace\node_modules\_mysql2@1.5.3@mysql2\lib\commands\command.js:28:22)
    at Connection.handlePacket (E:\developer\node_workspace\node_modules\_mysql2@1.5.3@mysql2\lib\connection.js:502:28)
    at PacketParser.onPacket (E:\developer\node_workspace\node_modules\_mysql2@1.5.3@mysql2\lib\connection.js:81:16)
    at PacketParser.executeStart (E:\developer\node_workspace\node_modules\_mysql2@1.5.3@mysql2\lib\packet_parser.js:77:14)
    at Socket.<anonymous> (E:\developer\node_workspace\node_modules\_mysql2@1.5.3@mysql2\lib\connection.js:89:29)
    at emitOne (events.js:116:13)
    at Socket.emit (events.js:211:7)
    at addChunk (_stream_readable.js:263:12)
    at readableAddChunk (_stream_readable.js:250:11)
    at Socket.Readable.push (_stream_readable.js:208:10)
    at TCP.onread (net.js:597:20)
     code: 'ER_ACCESS_DENIED_ERROR',
     errno: 1045,
     sqlState: '28000',
     sqlMessage: 'Access denied for user \'root\'@\'localhost\' (using password: YES)' },
  original: 
   { Error: Access denied for user 'root'@'localhost' (using password: YES)
    at Packet.asError (E:\developer\node_workspace\node_modules\_mysql2@1.5.3@mysql2\lib\packets\packet.js:716:13)
    at ClientHandshake.Command.execute (E:\developer\node_workspace\node_modules\_mysql2@1.5.3@mysql2\lib\commands\command.js:28:22)
    at Connection.handlePacket (E:\developer\node_workspace\node_modules\_mysql2@1.5.3@mysql2\lib\connection.js:502:28)
    at PacketParser.onPacket (E:\developer\node_workspace\node_modules\_mysql2@1.5.3@mysql2\lib\connection.js:81:16)
    at PacketParser.executeStart (E:\developer\node_workspace\node_modules\_mysql2@1.5.3@mysql2\lib\packet_parser.js:77:14)
    at Socket.<anonymous> (E:\developer\node_workspace\node_modules\_mysql2@1.5.3@mysql2\lib\connection.js:89:29)
    at emitOne (events.js:116:13)
    at Socket.emit (events.js:211:7)
    at addChunk (_stream_readable.js:263:12)
    at readableAddChunk (_stream_readable.js:250:11)
    at Socket.Readable.push (_stream_readable.js:208:10)
    at TCP.onread (net.js:597:20)
     code: 'ER_ACCESS_DENIED_ERROR',
     errno: 1045,
     sqlState: '28000',
     sqlMessage: 'Access denied for user \'root\'@\'localhost\' (using password: YES)' } }
[2018-07-21T22:27:45.887] [ERROR] /routes/express.js - list error ---> { SequelizeAccessDeniedError: Access denied for user 'root'@'localhost' (using password: YES)
    at Utils.Promise.tap.then.catch.err (E:\developer\node_workspace\node_modules\_sequelize@4.38.0@sequelize\lib\dialects\mysql\connection-manager.js:141:19)
    at tryCatcher (E:\developer\node_workspace\node_modules\_bluebird@3.5.1@bluebird\js\release\util.js:16:23)
    at Promise._settlePromiseFromHandler (E:\developer\node_workspace\node_modules\_bluebird@3.5.1@bluebird\js\release\promise.js:512:31)
    at Promise._settlePromise (E:\developer\node_workspace\node_modules\_bluebird@3.5.1@bluebird\js\release\promise.js:569:18)
    at Promise._settlePromise0 (E:\developer\node_workspace\node_modules\_bluebird@3.5.1@bluebird\js\release\promise.js:614:10)
    at Promise._settlePromises (E:\developer\node_workspace\node_modules\_bluebird@3.5.1@bluebird\js\release\promise.js:689:18)
    at Async._drainQueue (E:\developer\node_workspace\node_modules\_bluebird@3.5.1@bluebird\js\release\async.js:133:16)
    at Async._drainQueues (E:\developer\node_workspace\node_modules\_bluebird@3.5.1@bluebird\js\release\async.js:143:10)
    at Immediate.Async.drainQueues (E:\developer\node_workspace\node_modules\_bluebird@3.5.1@bluebird\js\release\async.js:17:14)
    at runCallback (timers.js:810:20)
    at tryOnImmediate (timers.js:768:5)
    at processImmediate [as _immediateCallback] (timers.js:745:5)
  name: 'SequelizeAccessDeniedError',
  parent: 
   { Error: Access denied for user 'root'@'localhost' (using password: YES)
    at Packet.asError (E:\developer\node_workspace\node_modules\_mysql2@1.5.3@mysql2\lib\packets\packet.js:716:13)
    at ClientHandshake.Command.execute (E:\developer\node_workspace\node_modules\_mysql2@1.5.3@mysql2\lib\commands\command.js:28:22)
    at Connection.handlePacket (E:\developer\node_workspace\node_modules\_mysql2@1.5.3@mysql2\lib\connection.js:502:28)
    at PacketParser.onPacket (E:\developer\node_workspace\node_modules\_mysql2@1.5.3@mysql2\lib\connection.js:81:16)
    at PacketParser.executeStart (E:\developer\node_workspace\node_modules\_mysql2@1.5.3@mysql2\lib\packet_parser.js:77:14)
    at Socket.<anonymous> (E:\developer\node_workspace\node_modules\_mysql2@1.5.3@mysql2\lib\connection.js:89:29)
    at emitOne (events.js:116:13)
    at Socket.emit (events.js:211:7)
    at addChunk (_stream_readable.js:263:12)
    at readableAddChunk (_stream_readable.js:250:11)
    at Socket.Readable.push (_stream_readable.js:208:10)
    at TCP.onread (net.js:597:20)
     code: 'ER_ACCESS_DENIED_ERROR',
     errno: 1045,
     sqlState: '28000',
     sqlMessage: 'Access denied for user \'root\'@\'localhost\' (using password: YES)' },
  original: 
   { Error: Access denied for user 'root'@'localhost' (using password: YES)
    at Packet.asError (E:\developer\node_workspace\node_modules\_mysql2@1.5.3@mysql2\lib\packets\packet.js:716:13)
    at ClientHandshake.Command.execute (E:\developer\node_workspace\node_modules\_mysql2@1.5.3@mysql2\lib\commands\command.js:28:22)
    at Connection.handlePacket (E:\developer\node_workspace\node_modules\_mysql2@1.5.3@mysql2\lib\connection.js:502:28)
    at PacketParser.onPacket (E:\developer\node_workspace\node_modules\_mysql2@1.5.3@mysql2\lib\connection.js:81:16)
    at PacketParser.executeStart (E:\developer\node_workspace\node_modules\_mysql2@1.5.3@mysql2\lib\packet_parser.js:77:14)
    at Socket.<anonymous> (E:\developer\node_workspace\node_modules\_mysql2@1.5.3@mysql2\lib\connection.js:89:29)
    at emitOne (events.js:116:13)
    at Socket.emit (events.js:211:7)
    at addChunk (_stream_readable.js:263:12)
    at readableAddChunk (_stream_readable.js:250:11)
    at Socket.Readable.push (_stream_readable.js:208:10)
    at TCP.onread (net.js:597:20)
     code: 'ER_ACCESS_DENIED_ERROR',
     errno: 1045,
     sqlState: '28000',
     sqlMessage: 'Access denied for user \'root\'@\'localhost\' (using password: YES)' } }
